{"/Users/hugosousa/Documents/desafio-vr/vr_desafio_login/img/logo_round.png": {"path":"/Users/hugosousa/Documents/desafio-vr/vr_desafio_login/img/logo_round.png","statementMap":{"0":{"start":{"line":1,"column":0},"end":{"line":4,"column":6}}},"fnMap":{},"branchMap":{},"s":{"0":1},"f":{},"b":{},"_coverageSchema":"1a1c01bbd47fc00a2c39e90264f33305004495a9","hash":"aa8802234e897043c97f15c271319b9ba6ff4519"}
,"/Users/hugosousa/Documents/desafio-vr/vr_desafio_login/src/shared/ui/components/BodyTextDesafio.js": {"path":"/Users/hugosousa/Documents/desafio-vr/vr_desafio_login/src/shared/ui/components/BodyTextDesafio.js","statementMap":{"0":{"start":{"line":4,"column":24},"end":{"line":12,"column":1}},"1":{"start":{"line":5,"column":2},"end":{"line":11,"column":9}}},"fnMap":{"0":{"name":"(anonymous_0)","decl":{"start":{"line":4,"column":24},"end":{"line":4,"column":25}},"loc":{"start":{"line":5,"column":2},"end":{"line":11,"column":9}},"line":5}},"branchMap":{},"s":{"0":4,"1":1},"f":{"0":1},"b":{},"_coverageSchema":"1a1c01bbd47fc00a2c39e90264f33305004495a9","hash":"c532d89bd4aca01652a0dd676a574b3aedb6703f"}
,"/Users/hugosousa/Documents/desafio-vr/vr_desafio_login/src/shared/ui/components/ButtonDesafio.js": {"path":"/Users/hugosousa/Documents/desafio-vr/vr_desafio_login/src/shared/ui/components/ButtonDesafio.js","statementMap":{"0":{"start":{"line":5,"column":22},"end":{"line":14,"column":1}},"1":{"start":{"line":6,"column":2},"end":{"line":13,"column":3}},"2":{"start":{"line":8,"column":6},"end":{"line":8,"column":16}},"3":{"start":{"line":10,"column":6},"end":{"line":10,"column":19}},"4":{"start":{"line":12,"column":6},"end":{"line":12,"column":19}},"5":{"start":{"line":16,"column":22},"end":{"line":28,"column":1}},"6":{"start":{"line":17,"column":2},"end":{"line":27,"column":4}}},"fnMap":{"0":{"name":"(anonymous_0)","decl":{"start":{"line":5,"column":22},"end":{"line":5,"column":23}},"loc":{"start":{"line":5,"column":32},"end":{"line":14,"column":1}},"line":5},"1":{"name":"(anonymous_1)","decl":{"start":{"line":16,"column":22},"end":{"line":16,"column":23}},"loc":{"start":{"line":17,"column":2},"end":{"line":27,"column":4}},"line":17}},"branchMap":{"0":{"loc":{"start":{"line":6,"column":2},"end":{"line":13,"column":3}},"type":"switch","locations":[{"start":{"line":7,"column":4},"end":{"line":8,"column":16}},{"start":{"line":9,"column":4},"end":{"line":10,"column":19}},{"start":{"line":11,"column":4},"end":{"line":12,"column":19}}],"line":6},"1":{"loc":{"start":{"line":23,"column":16},"end":{"line":23,"column":84}},"type":"cond-expr","locations":[{"start":{"line":23,"column":51},"end":{"line":23,"column":56}},{"start":{"line":23,"column":59},"end":{"line":23,"column":84}}],"line":23}},"s":{"0":1,"1":5,"2":1,"3":2,"4":2,"5":1,"6":3},"f":{"0":5,"1":3},"b":{"0":[1,2,2],"1":[1,2]},"_coverageSchema":"1a1c01bbd47fc00a2c39e90264f33305004495a9","hash":"9730b0d75a790188c210ef1edc81df0bfec06a6c"}
,"/Users/hugosousa/Documents/desafio-vr/vr_desafio_login/src/shared/ui/components/HeaderDesafio.js": {"path":"/Users/hugosousa/Documents/desafio-vr/vr_desafio_login/src/shared/ui/components/HeaderDesafio.js","statementMap":{"0":{"start":{"line":5,"column":22},"end":{"line":41,"column":1}},"1":{"start":{"line":6,"column":2},"end":{"line":40,"column":4}},"2":{"start":{"line":11,"column":8},"end":{"line":19,"column":10}},"3":{"start":{"line":13,"column":33},"end":{"line":17,"column":12}},"4":{"start":{"line":22,"column":8},"end":{"line":37,"column":10}},"5":{"start":{"line":24,"column":34},"end":{"line":34,"column":14}}},"fnMap":{"0":{"name":"(anonymous_0)","decl":{"start":{"line":5,"column":22},"end":{"line":5,"column":23}},"loc":{"start":{"line":5,"column":33},"end":{"line":41,"column":1}},"line":5},"1":{"name":"(anonymous_1)","decl":{"start":{"line":10,"column":31},"end":{"line":10,"column":32}},"loc":{"start":{"line":11,"column":8},"end":{"line":19,"column":10}},"line":11},"2":{"name":"(anonymous_2)","decl":{"start":{"line":13,"column":16},"end":{"line":13,"column":17}},"loc":{"start":{"line":13,"column":33},"end":{"line":17,"column":12}},"line":13},"3":{"name":"(anonymous_3)","decl":{"start":{"line":21,"column":33},"end":{"line":21,"column":34}},"loc":{"start":{"line":22,"column":8},"end":{"line":37,"column":10}},"line":22},"4":{"name":"(anonymous_4)","decl":{"start":{"line":24,"column":16},"end":{"line":24,"column":17}},"loc":{"start":{"line":24,"column":34},"end":{"line":34,"column":14}},"line":24}},"branchMap":{"0":{"loc":{"start":{"line":10,"column":15},"end":{"line":20,"column":15}},"type":"cond-expr","locations":[{"start":{"line":10,"column":31},"end":{"line":20,"column":7}},{"start":{"line":20,"column":10},"end":{"line":20,"column":15}}],"line":10},"1":{"loc":{"start":{"line":15,"column":18},"end":{"line":15,"column":76}},"type":"cond-expr","locations":[{"start":{"line":15,"column":45},"end":{"line":15,"column":61}},{"start":{"line":15,"column":64},"end":{"line":15,"column":76}}],"line":15},"2":{"loc":{"start":{"line":21,"column":16},"end":{"line":38,"column":15}},"type":"cond-expr","locations":[{"start":{"line":21,"column":33},"end":{"line":38,"column":7}},{"start":{"line":38,"column":10},"end":{"line":38,"column":15}}],"line":21},"3":{"loc":{"start":{"line":24,"column":34},"end":{"line":34,"column":14}},"type":"cond-expr","locations":[{"start":{"line":25,"column":12},"end":{"line":28,"column":14}},{"start":{"line":30,"column":12},"end":{"line":34,"column":14}}],"line":24}},"s":{"0":1,"1":4,"2":2,"3":2,"4":1,"5":1},"f":{"0":4,"1":2,"2":2,"3":1,"4":1},"b":{"0":[2,2],"1":[1,1],"2":[1,3],"3":[0,1]},"_coverageSchema":"1a1c01bbd47fc00a2c39e90264f33305004495a9","hash":"973984f90e9b8febf4abd662dfa8645d12e4a79d"}
,"/Users/hugosousa/Documents/desafio-vr/vr_desafio_login/src/shared/ui/components/ImageDesafio.js": {"path":"/Users/hugosousa/Documents/desafio-vr/vr_desafio_login/src/shared/ui/components/ImageDesafio.js","statementMap":{"0":{"start":{"line":16,"column":21},"end":{"line":39,"column":1}},"1":{"start":{"line":17,"column":2},"end":{"line":38,"column":3}},"2":{"start":{"line":19,"column":6},"end":{"line":19,"column":17}},"3":{"start":{"line":21,"column":6},"end":{"line":21,"column":17}},"4":{"start":{"line":23,"column":6},"end":{"line":23,"column":17}},"5":{"start":{"line":25,"column":6},"end":{"line":25,"column":17}},"6":{"start":{"line":27,"column":6},"end":{"line":27,"column":17}},"7":{"start":{"line":29,"column":6},"end":{"line":29,"column":17}},"8":{"start":{"line":31,"column":6},"end":{"line":31,"column":17}},"9":{"start":{"line":33,"column":6},"end":{"line":33,"column":17}},"10":{"start":{"line":35,"column":6},"end":{"line":35,"column":17}},"11":{"start":{"line":37,"column":6},"end":{"line":37,"column":18}},"12":{"start":{"line":41,"column":21},"end":{"line":53,"column":1}},"13":{"start":{"line":42,"column":2},"end":{"line":52,"column":4}}},"fnMap":{"0":{"name":"(anonymous_0)","decl":{"start":{"line":16,"column":21},"end":{"line":16,"column":22}},"loc":{"start":{"line":16,"column":31},"end":{"line":39,"column":1}},"line":16},"1":{"name":"(anonymous_1)","decl":{"start":{"line":41,"column":21},"end":{"line":41,"column":22}},"loc":{"start":{"line":41,"column":32},"end":{"line":53,"column":1}},"line":41}},"branchMap":{"0":{"loc":{"start":{"line":17,"column":2},"end":{"line":38,"column":3}},"type":"switch","locations":[{"start":{"line":18,"column":4},"end":{"line":19,"column":17}},{"start":{"line":20,"column":4},"end":{"line":21,"column":17}},{"start":{"line":22,"column":4},"end":{"line":23,"column":17}},{"start":{"line":24,"column":4},"end":{"line":25,"column":17}},{"start":{"line":26,"column":4},"end":{"line":27,"column":17}},{"start":{"line":28,"column":4},"end":{"line":29,"column":17}},{"start":{"line":30,"column":4},"end":{"line":31,"column":17}},{"start":{"line":32,"column":4},"end":{"line":33,"column":17}},{"start":{"line":34,"column":4},"end":{"line":35,"column":17}},{"start":{"line":36,"column":4},"end":{"line":37,"column":18}}],"line":17}},"s":{"0":1,"1":20,"2":2,"3":2,"4":2,"5":2,"6":2,"7":2,"8":2,"9":2,"10":2,"11":2,"12":1,"13":10},"f":{"0":20,"1":10},"b":{"0":[2,2,2,2,2,2,2,2,2,2]},"_coverageSchema":"1a1c01bbd47fc00a2c39e90264f33305004495a9","hash":"ecfef7b54f867bdc90b23a3eb85bd6efee76cf72"}
,"/Users/hugosousa/Documents/desafio-vr/vr_desafio_login/src/shared/ui/components/InputDesafio.js": {"path":"/Users/hugosousa/Documents/desafio-vr/vr_desafio_login/src/shared/ui/components/InputDesafio.js","statementMap":{"0":{"start":{"line":5,"column":21},"end":{"line":46,"column":1}},"1":{"start":{"line":6,"column":2},"end":{"line":45,"column":4}},"2":{"start":{"line":10,"column":28},"end":{"line":17,"column":10}},"3":{"start":{"line":19,"column":30},"end":{"line":31,"column":10}},"4":{"start":{"line":22,"column":30},"end":{"line":26,"column":10}},"5":{"start":{"line":34,"column":29},"end":{"line":34,"column":52}}},"fnMap":{"0":{"name":"(anonymous_0)","decl":{"start":{"line":5,"column":21},"end":{"line":5,"column":22}},"loc":{"start":{"line":6,"column":2},"end":{"line":45,"column":4}},"line":6},"1":{"name":"(anonymous_1)","decl":{"start":{"line":10,"column":13},"end":{"line":10,"column":14}},"loc":{"start":{"line":10,"column":28},"end":{"line":17,"column":10}},"line":10},"2":{"name":"(anonymous_2)","decl":{"start":{"line":19,"column":14},"end":{"line":19,"column":15}},"loc":{"start":{"line":19,"column":30},"end":{"line":31,"column":10}},"line":19},"3":{"name":"(anonymous_3)","decl":{"start":{"line":22,"column":14},"end":{"line":22,"column":15}},"loc":{"start":{"line":22,"column":30},"end":{"line":26,"column":10}},"line":22},"4":{"name":"(anonymous_4)","decl":{"start":{"line":34,"column":18},"end":{"line":34,"column":19}},"loc":{"start":{"line":34,"column":29},"end":{"line":34,"column":52}},"line":34}},"branchMap":{"0":{"loc":{"start":{"line":10,"column":28},"end":{"line":17,"column":10}},"type":"cond-expr","locations":[{"start":{"line":11,"column":6},"end":{"line":15,"column":8}},{"start":{"line":17,"column":6},"end":{"line":17,"column":10}}],"line":10},"1":{"loc":{"start":{"line":19,"column":30},"end":{"line":31,"column":10}},"type":"cond-expr","locations":[{"start":{"line":20,"column":6},"end":{"line":29,"column":8}},{"start":{"line":31,"column":6},"end":{"line":31,"column":10}}],"line":19},"2":{"loc":{"start":{"line":42,"column":18},"end":{"line":42,"column":76}},"type":"cond-expr","locations":[{"start":{"line":42,"column":71},"end":{"line":42,"column":72}},{"start":{"line":42,"column":75},"end":{"line":42,"column":76}}],"line":42},"3":{"loc":{"start":{"line":42,"column":18},"end":{"line":42,"column":68}},"type":"binary-expr","locations":[{"start":{"line":42,"column":18},"end":{"line":42,"column":46}},{"start":{"line":42,"column":50},"end":{"line":42,"column":68}}],"line":42}},"s":{"0":1,"1":5,"2":5,"3":5,"4":1,"5":1},"f":{"0":5,"1":5,"2":5,"3":1,"4":1},"b":{"0":[2,3],"1":[1,4],"2":[1,4],"3":[5,1]},"_coverageSchema":"1a1c01bbd47fc00a2c39e90264f33305004495a9","hash":"58f768c0ceed9ea97a874ce851c1bea9779ef16c"}
,"/Users/hugosousa/Documents/desafio-vr/vr_desafio_login/src/shared/ui/components/TitleTextDesafio.js": {"path":"/Users/hugosousa/Documents/desafio-vr/vr_desafio_login/src/shared/ui/components/TitleTextDesafio.js","statementMap":{"0":{"start":{"line":4,"column":25},"end":{"line":12,"column":1}},"1":{"start":{"line":5,"column":2},"end":{"line":11,"column":9}}},"fnMap":{"0":{"name":"(anonymous_0)","decl":{"start":{"line":4,"column":25},"end":{"line":4,"column":26}},"loc":{"start":{"line":5,"column":2},"end":{"line":11,"column":9}},"line":5}},"branchMap":{},"s":{"0":1,"1":1},"f":{"0":1},"b":{},"_coverageSchema":"1a1c01bbd47fc00a2c39e90264f33305004495a9","hash":"4e60c5d1b5caa56e8f5876e36a1beacaea08de82"}
,"/Users/hugosousa/Documents/desafio-vr/vr_desafio_login/src/shared/utils/Constant.js": {"path":"/Users/hugosousa/Documents/desafio-vr/vr_desafio_login/src/shared/utils/Constant.js","statementMap":{"0":{"start":{"line":2,"column":29},"end":{"line":2,"column":34}},"1":{"start":{"line":3,"column":29},"end":{"line":3,"column":34}},"2":{"start":{"line":4,"column":29},"end":{"line":4,"column":34}},"3":{"start":{"line":5,"column":29},"end":{"line":5,"column":34}},"4":{"start":{"line":6,"column":29},"end":{"line":6,"column":34}},"5":{"start":{"line":7,"column":29},"end":{"line":7,"column":34}},"6":{"start":{"line":8,"column":29},"end":{"line":8,"column":34}},"7":{"start":{"line":9,"column":29},"end":{"line":9,"column":34}},"8":{"start":{"line":10,"column":29},"end":{"line":10,"column":34}},"9":{"start":{"line":11,"column":30},"end":{"line":11,"column":36}},"10":{"start":{"line":14,"column":17},"end":{"line":14,"column":20}},"11":{"start":{"line":15,"column":17},"end":{"line":15,"column":20}},"12":{"start":{"line":16,"column":17},"end":{"line":16,"column":20}},"13":{"start":{"line":19,"column":30},"end":{"line":19,"column":47}},"14":{"start":{"line":20,"column":26},"end":{"line":20,"column":41}},"15":{"start":{"line":21,"column":30},"end":{"line":21,"column":37}},"16":{"start":{"line":22,"column":26},"end":{"line":22,"column":32}},"17":{"start":{"line":23,"column":27},"end":{"line":23,"column":35}},"18":{"start":{"line":25,"column":31},"end":{"line":25,"column":38}},"19":{"start":{"line":26,"column":32},"end":{"line":26,"column":40}},"20":{"start":{"line":27,"column":32},"end":{"line":27,"column":40}},"21":{"start":{"line":28,"column":30},"end":{"line":28,"column":36}},"22":{"start":{"line":30,"column":37},"end":{"line":30,"column":43}},"23":{"start":{"line":31,"column":39},"end":{"line":31,"column":47}},"24":{"start":{"line":34,"column":20},"end":{"line":34,"column":31}},"25":{"start":{"line":35,"column":22},"end":{"line":35,"column":30}},"26":{"start":{"line":36,"column":20},"end":{"line":36,"column":31}},"27":{"start":{"line":37,"column":23},"end":{"line":37,"column":32}},"28":{"start":{"line":38,"column":28},"end":{"line":38,"column":41}},"29":{"start":{"line":39,"column":30},"end":{"line":39,"column":45}},"30":{"start":{"line":40,"column":24},"end":{"line":40,"column":34}},"31":{"start":{"line":41,"column":26},"end":{"line":41,"column":38}},"32":{"start":{"line":42,"column":24},"end":{"line":42,"column":34}},"33":{"start":{"line":43,"column":30},"end":{"line":43,"column":45}},"34":{"start":{"line":44,"column":34},"end":{"line":44,"column":58}},"35":{"start":{"line":45,"column":24},"end":{"line":45,"column":34}},"36":{"start":{"line":46,"column":22},"end":{"line":46,"column":30}},"37":{"start":{"line":47,"column":33},"end":{"line":47,"column":50}}},"fnMap":{},"branchMap":{},"s":{"0":4,"1":4,"2":4,"3":4,"4":4,"5":4,"6":4,"7":4,"8":4,"9":4,"10":4,"11":4,"12":4,"13":4,"14":4,"15":4,"16":4,"17":4,"18":4,"19":4,"20":4,"21":4,"22":4,"23":4,"24":4,"25":4,"26":4,"27":4,"28":4,"29":4,"30":4,"31":4,"32":4,"33":4,"34":4,"35":4,"36":4,"37":4},"f":{},"b":{},"_coverageSchema":"1a1c01bbd47fc00a2c39e90264f33305004495a9","hash":"f4472e93ceaf246af8d0cf0decb8d9099bafdc5e"}
}
