TN:
SF:img/logo_round.png
FNF:0
FNH:0
DA:1,1
LF:1
LH:1
BRF:0
BRH:0
end_of_record
TN:
SF:src/shared/ui/components/BodyTextDesafio.js
FN:4,(anonymous_0)
FNF:1
FNH:1
FNDA:1,(anonymous_0)
DA:4,4
DA:5,1
LF:2
LH:2
BRF:0
BRH:0
end_of_record
TN:
SF:src/shared/ui/components/ButtonDesafio.js
FN:5,(anonymous_0)
FN:16,(anonymous_1)
FNF:2
FNH:2
FNDA:5,(anonymous_0)
FNDA:3,(anonymous_1)
DA:5,1
DA:6,5
DA:8,1
DA:10,2
DA:12,2
DA:16,1
DA:17,3
LF:7
LH:7
BRDA:6,0,0,1
BRDA:6,0,1,2
BRDA:6,0,2,2
BRDA:23,1,0,1
BRDA:23,1,1,2
BRF:5
BRH:5
end_of_record
TN:
SF:src/shared/ui/components/HeaderDesafio.js
FN:5,(anonymous_0)
FN:10,(anonymous_1)
FN:13,(anonymous_2)
FN:21,(anonymous_3)
FN:24,(anonymous_4)
FNF:5
FNH:5
FNDA:4,(anonymous_0)
FNDA:2,(anonymous_1)
FNDA:2,(anonymous_2)
FNDA:1,(anonymous_3)
FNDA:1,(anonymous_4)
DA:5,1
DA:6,4
DA:11,2
DA:13,2
DA:22,1
DA:24,1
LF:6
LH:6
BRDA:10,0,0,2
BRDA:10,0,1,2
BRDA:15,1,0,1
BRDA:15,1,1,1
BRDA:21,2,0,1
BRDA:21,2,1,3
BRDA:24,3,0,0
BRDA:24,3,1,1
BRF:8
BRH:7
end_of_record
TN:
SF:src/shared/ui/components/ImageDesafio.js
FN:16,(anonymous_0)
FN:41,(anonymous_1)
FNF:2
FNH:2
FNDA:20,(anonymous_0)
FNDA:10,(anonymous_1)
DA:16,1
DA:17,20
DA:19,2
DA:21,2
DA:23,2
DA:25,2
DA:27,2
DA:29,2
DA:31,2
DA:33,2
DA:35,2
DA:37,2
DA:41,1
DA:42,10
LF:14
LH:14
BRDA:17,0,0,2
BRDA:17,0,1,2
BRDA:17,0,2,2
BRDA:17,0,3,2
BRDA:17,0,4,2
BRDA:17,0,5,2
BRDA:17,0,6,2
BRDA:17,0,7,2
BRDA:17,0,8,2
BRDA:17,0,9,2
BRF:10
BRH:10
end_of_record
TN:
SF:src/shared/ui/components/InputDesafio.js
FN:5,(anonymous_0)
FN:10,(anonymous_1)
FN:19,(anonymous_2)
FN:22,(anonymous_3)
FN:34,(anonymous_4)
FNF:5
FNH:5
FNDA:5,(anonymous_0)
FNDA:5,(anonymous_1)
FNDA:5,(anonymous_2)
FNDA:1,(anonymous_3)
FNDA:1,(anonymous_4)
DA:5,1
DA:6,5
DA:10,5
DA:19,5
DA:22,1
DA:34,1
LF:6
LH:6
BRDA:10,0,0,2
BRDA:10,0,1,3
BRDA:19,1,0,1
BRDA:19,1,1,4
BRDA:42,2,0,1
BRDA:42,2,1,4
BRDA:42,3,0,5
BRDA:42,3,1,1
BRF:8
BRH:8
end_of_record
TN:
SF:src/shared/ui/components/TitleTextDesafio.js
FN:4,(anonymous_0)
FNF:1
FNH:1
FNDA:1,(anonymous_0)
DA:4,1
DA:5,1
LF:2
LH:2
BRF:0
BRH:0
end_of_record
TN:
SF:src/shared/utils/Constant.js
FNF:0
FNH:0
DA:2,4
DA:3,4
DA:4,4
DA:5,4
DA:6,4
DA:7,4
DA:8,4
DA:9,4
DA:10,4
DA:11,4
DA:14,4
DA:15,4
DA:16,4
DA:19,4
DA:20,4
DA:21,4
DA:22,4
DA:23,4
DA:25,4
DA:26,4
DA:27,4
DA:28,4
DA:30,4
DA:31,4
DA:34,4
DA:35,4
DA:36,4
DA:37,4
DA:38,4
DA:39,4
DA:40,4
DA:41,4
DA:42,4
DA:43,4
DA:44,4
DA:45,4
DA:46,4
DA:47,4
LF:38
LH:38
BRF:0
BRH:0
end_of_record
